<test title="Drop Auto number">
<before>
    <schema>
        <table name="table1">
            <columns>
                <column name="table1_id" type="integer" null="no" autoincrement="yes" key="1"/>
                <column name="col2" type="integer"/>
            </columns>
        </table>
    </schema>
</before>
<after>
    <schema>
        <table name="table1">
            <columns> <!-- Added the default="0" to work best with MySQL -->
                <column name="table1_id" type="integer" null="no" key="1"/>
                <column name="col2" type="integer"/>
            </columns>
        </table>
    </schema>
</after>
<ddls dbms="postgres,postgres7">
    <ddl>ALTER TABLE table1 ALTER table1_id DROP DEFAULT</ddl>
    <ddl>DROP SEQUENCE table1_table1_id_seq</ddl>
</ddls>
<ddls dbms="mysql">
    <ddl>ALTER TABLE table1 ALTER table1_id DROP DEFAULT</ddl>
    <ddl>DROP SEQUENCE table1_table1_id_seq</ddl>
</ddls>
<ddls dbms="mysql4" fails="true">
    <!-- fails because it sets default to = '0' -->
    <ddl>ALTER TABLE table1 ALTER table1_id DROP DEFAULT</ddl>
    <ddl>DROP SEQUENCE table1_table1_id_seq</ddl>
</ddls>
<ddls dbms="oracle" fails="true">
    <!-- todo -->
    <ddl>DROP TRIGGER ai_table1_table1_id</ddl>
	<ddl>DROP SEQUENCE table1_table1_id_seq</ddl>
</ddls>
<ddls dbms="firebird" fails="true">
    <!-- todo -->
</ddls>
</test>
