<test title="Change two indexes">
<before>
    <schema>
    <table name="table1">
        <columns>
            <column name="col1" type="integer"/>
            <column name="col2" type="integer"/>
        </columns>
        <indexes>
            <index name="table1cCol1" columns="col1"/>
            <index name="col1col2" columns="col1,col2"/>
        </indexes>
    </table>
    </schema>
</before>
<after>
    <schema>
    <table name="table1">
        <columns>
            <column name="col1" type="integer"/>
            <column name="col2" type="integer"/>
        </columns>
        <indexes>
            <index name="table1Col1" columns="col2"/>
            <index name="col1col2" columns="col2,col1"/>
        </indexes>
    </table>
    </schema>
</after>
<ddls>
    <ddl>DROP INDEX col1col2</ddl>
    <ddl>DROP INDEX table1cCol1</ddl>
    <ddl>CREATE INDEX table1Col1 ON table1 (col2)</ddl>
    <ddl>CREATE INDEX col1col2 ON table1 (col2, col1)</ddl>
</ddls>
<ddls dbms="mysql">
    <ddl>DROP INDEX col1col2 ON table1</ddl>
    <ddl>DROP INDEX table1cCol1 ON table1</ddl>
    <ddl>CREATE INDEX table1Col1 ON table1 (col2)</ddl>
    <ddl>CREATE INDEX col1col2 ON table1 (col2, col1)</ddl>
</ddls>
</test>
