<test title="Rename and change column type">
<before>
	<schema>
	<table name="table1">
		<columns>
			<column name="col1" type="integer"/>
			<column name="col2" type="integer"/>
		</columns>
	</table>
	</schema>
</before>
<after>
	<schema>
	<table name="table1">
		<columns>
			<column name="col1" type="integer"/>
			<column name="col-newname" oldname="col2" type="varchar" size="80"/>
		</columns>
	</table>
	</schema>
</after>
<ddls fails="true">
	<ddl>ALTER TABLE table1 RENAME col2 TO col-newname</ddl>
	<ddl>ALTER TABLE table1 ALTER col-newname TYPE varchar(80)</ddl>
</ddls>
<ddls dbms="firebird"  fails="true">
	<ddl>ALTER TABLE table1 ALTER col2 TO col-newname</ddl>
	<ddl>ALTER TABLE table1 ALTER col-newname TYPE varchar(80)</ddl>
</ddls>
</test>
