<test title="Create a function">
<before>
    <schema>
    </schema>
</before>
<after>
    <schema>
        <function name="myfunc" arguments="subtotal float" returns="float" dbms="firebird">
BEGIN
    ret = subtotal * 0.06;
END
    </function>
    <function name="myfunc" arguments="subtotal float" returns="float" dbms="postgres,postgres7,mysql,oracle">
BEGIN
    RETURN subtotal * 0.06;
END
    </function>
    </schema>
</after>
<ddls dbms="postgres">
    <ddl>CREATE FUNCTION myfunc(subtotal float) RETURNS float AS '
BEGIN
    RETURN subtotal * 0.06;
END' LANGUAGE plpgsql</ddl>
</ddls>
<ddls dbms="postgres7">
    <ddl>CREATE FUNCTION myfunc(float) RETURNS float AS '
DECLARE
    subtotal ALIAS FOR $1;
BEGIN
    RETURN subtotal * 0.06;
END' LANGUAGE plpgsql</ddl>
</ddls>
<ddls dbms="mysql">
    <ddl>CREATE FUNCTION myfunc(subtotal float) RETURNS float 
BEGIN
    RETURN subtotal * 0.06;
END</ddl>
</ddls>
<ddls dbms="firebird">
    <ddl>CREATE PROCEDURE myfunc(subtotal float) RETURNS (ret float) AS 
BEGIN
    ret = subtotal * 0.06;
END;</ddl>
</ddls>
<ddls dbms="oracle">
    <ddl>CREATE FUNCTION myfunc(subtotal IN float) RETURN float AS
BEGIN
    RETURN subtotal * 0.06;
END;</ddl>
</ddls>
</test>
