<?xml version="1.0"?>
<test title="Create table of various types">
<before>
    <schema>
    </schema>
</before>
<after>
    <schema>
        <table name="table1">
            <columns>
                <column name="col1" type="integer"/>
                <column name="col2" type="varchar" size="32"/>
                <column name="col3" type="decimal" size="15"/>
                <column name="col4" type="decimal" size="15" precision="3"/>
                <column name="col5" type="date"/>
                <column name="col6" type="int" default="2"/>
                <column name="col7" type="float" default="1.234"/>
            </columns>
        </table>
    </schema>
</after>
<ddls>
<ddl>CREATE TABLE table1 (
    col1 integer,
    col2 varchar(32),
    col3 decimal(15),
    col4 decimal(15, 3),
    col5 date,
    col6 int DEFAULT 2,
    col7 float DEFAULT 1.234
)</ddl>
</ddls>
<ddls dbms="mysql,mysql4">
<ddl>CREATE TABLE table1 (
    col1 integer,
    col2 varchar(32),
    col3 decimal(15),
    col4 decimal(15, 3),
    col5 date,
    col6 int DEFAULT 2,
    col7 float DEFAULT 1.234
) TYPE=InnoDB</ddl>
</ddls>
</test>
