<test title="Create a relation with on delete">
<before>
    <schema>
        <table name="table2">
            <columns>
                <column name="table2_id" type="integer"/>
                <column name="table1_id" type="integer"/>
            </columns>
        </table>
        <table name="table1">
            <columns>
                <column name="table1_id" type="integer" key="1" null="no" default="0"/>
                <column name="col2" type="integer"/>
            </columns>
        </table>
    </schema>
</before>
<after>
    <schema>
        <table name="table2">
            <columns>
                <column name="table2_id" type="integer"/>
                <column name="table1_id" type="integer"/>
            </columns>
            <indexes>
                <!-- MySQL silently adds this -->
                <index name="fk_table1_id" columns="table1_id"/>
            </indexes>
            <relations>
                <relation name="fk_table1_id" column="table1_id" table="table1" fk="table1_id" ondelete="cascade" onupdate="cascade"/>
            </relations>
        </table>
        <table name="table1">
            <columns>
                <column name="table1_id" type="integer" null="no" default="0"/>
                <column name="col2" type="integer"/>
            </columns>
        </table>
    </schema>
</after>
<ddls>
	<ddl>ALTER TABLE table2 ADD CONSTRAINT fk_table1_id FOREIGN KEY (table1_id) REFERENCES table1(table1_id) ON DELETE CASCADE ON UPDATE CASCADE</ddl>
	<ddl>CREATE INDEX fk_table1_id ON table2 (table1_id)</ddl>
</ddls>
<ddls dbms="oracle">
	<ddl>ALTER TABLE table2 ADD CONSTRAINT fk_table1_id FOREIGN KEY (table1_id) REFERENCES table1(table1_id) ON DELETE CASCADE</ddl>
	<ddl>CREATE INDEX fk_table1_id ON table2 (table1_id)</ddl>
</ddls>
<ddls dbms="firebird" fails="true">
    <!-- TABLE1 is in use error? -->
    <ddl>ALTER TABLE table2 ADD CONSTRAINT fk_table1_id FOREIGN KEY (table1_id) REFERENCES table1(table1_id)</ddl>
</ddls>
</test>
