<test title="Drop a relation">
<before>
    <schema>
        <table name="table1">
            <columns>
                <column name="table1_id" type="integer" key="1" null="no"/>
                <column name="col2" type="integer"/>
            </columns>
        </table>
        <table name="table2">
            <columns>
                <column name="table2_id" type="integer"/>
                <column name="table1_id" type="integer"/>
            </columns>
            <relations>
                <relation column="table1_id" table="table1"/>
            </relations>
        </table>
    </schema>
</before>
<after>
    <schema>
        <table name="table1">
            <columns>
                <column name="table1_id" type="integer" null="no"/>
                <column name="col2" type="integer"/>
            </columns>
        </table>
        <table name="table2">
            <columns>
                <column name="table2_id" type="integer"/>
                <column name="table1_id" type="integer"/>
            </columns>
        </table>
    </schema>
</after>
<ddls>
    <ddl>DROP CONSTRAINT fk_table1_id</ddl>
</ddls>
</test>
