<test title="Drop a view">
<before>
    <schema>
        <table name="table1">
            <columns>
                <column name="id" type="integer"/>
                <column name="col2" type="integer"/>
            </columns>
        </table>
        <view name="myview">
            SELECT table1.id, table1.col2 FROM table1
        </view>
    </schema>
</before>
<after>
    <schema>
        <table name="table1">
            <columns>
                <column name="id" type="integer"/>
                <column name="col2" type="integer"/>
            </columns>
        </table>
    </schema>
</after>
<ddls>
    <ddl>DROP VIEW myview</ddl>
</ddls>
<ddls dbms="mysql4" fails="true">
</ddls>
</test>
