<test title="Drop Table">
<before>
    <schema>
        <dictionary name="column">
            <dict class="mytype" type="integer"/>
        </dictionary>
        <table name="table1">
            <columns>
                <column name="col1" class="mytype"/>
                <column name="col2" type="integer"/>
            </columns>
        </table>
    </schema>
</before>
<after>
    <schema>
    </schema>
</after>
<ddls>
    <ddl>DROP TABLE table1</ddl>
</ddls>
</test>
