<?xml version="1.0"?>
<test title="Test a naming convention with abbreviations">
<before>
    <schema>
    </schema>
</before>
<after>
    <schema>
        <dictionary name="column">
            <dict class="mytype" type="integer"/>
        </dictionary>
        <table name="table1" abbr="t">
            <columns>
                <column name="col1" class="mytype"/>
                <column name="col2" type="integer"/>
                <column name="col3" type="varchar" size="32"/>
                <column name="col4" type="decimal" size="15"/>
                <column name="col5" type="decimal" size="15" precision="3"/>
                <column name="col6" type="date"/>
                <!-- <column name="col7" type="timestamp"/> This one causing problems with mysql -->
                <column name="col8" type="int" default="2"/>
                <column name="col9" type="float" default="1.234"/>
            </columns>
        </table>
    </schema>
</after>
<ddls dbms="oracle,postgres,postgres7,firebird">
<!-- Actually it only fails because the testing code is not up to it yet -->
<ddl>CREATE TABLE table1 (
    t_col1 integer,
    t_col2 integer,
    t_col3 varchar(32),
    t_col4 decimal(15),
    t_col5 decimal(15, 3),
    t_col6 date,
    t_col8 int DEFAULT 2,
    t_col9 float DEFAULT 1.234
)</ddl>
</ddls>
<ddls dbms="mysql,mysql4">
<ddl>CREATE TABLE table1 (
    t_col1 integer,
    t_col2 integer,
    t_col3 varchar(32),
    t_col4 decimal(15),
    t_col5 decimal(15, 3),
    t_col6 date,
    t_col8 int DEFAULT 2,
    t_col9 float DEFAULT 1.234
) TYPE=InnoDB</ddl>
</ddls>
</test>
