<test title="Drop two indexes">
<before>
    <schema>
    <table name="table1">
        <columns>
            <column name="col1" type="integer"/>
            <column name="col2" type="integer"/>
        </columns>
        <indexes>
            <index columns="col1"/>
            <index name="col1col2" columns="col1,col2"/>
        </indexes>
    </table>
    </schema>
</before>
<after>
    <schema>
    <table name="table1">
        <columns>
            <column name="col1" type="integer"/>
            <column name="col2" type="integer"/>
        </columns>
    </table>
    </schema>
</after>
<ddls>
    <ddl>DROP INDEX idx_table1col1</ddl>
	<ddl>DROP INDEX col1col2</ddl>
</ddls>
<ddls dbms="mysql,mysql4">
    <ddl>DROP INDEX idx_table1col1 ON table1</ddl>
    <ddl>DROP INDEX col1col2 ON table1</ddl></ddls>
</test>
