<test title="Create a function">
<before>
    <schema>
    </schema>
</before>
<after>
    <schema>
        <function name="sales_tax" arguments="subtotal real" returns="real">
BEGIN
    RETURN subtotal * 0.06;
END;
        </function>
        <function name="sales_tax" arguments="subtotal real, other int" returns="int">
BEGIN
    RETURN other;
END;
        </function>
    </schema>
</after>
<ddls dbms="postgres">
    <ddl>CREATE FUNCTION sales_tax(real) RETURNS real AS '
DECLARE
    subtotal ALIAS FOR $1;
BEGIN
    RETURN subtotal * 0.06;
END;' LANGUAGE plpgsql</ddl>
    <ddl>CREATE FUNCTION sales_tax(real, int) RETURNS int AS '
DECLARE
  subtotal ALIAS FOR $1;
  other ALIAS FOR $2;
BEGIN
    RETURN other;
END;' LANGUAGE plpgsql</ddl>
</ddls>
<ddls dbms="mysql">
    <ddl>CREATE FUNCTION sales_tax(subtotal real) RETURNS real 
BEGIN
    RETURN subtotal * 0.06;
END;</ddl>
    <ddl>CREATE FUNCTION sales_tax(subtotal real, other int) RETURNS int 
BEGIN
    RETURN other;
END;</ddl></ddls>
</test>
