<test title="Create a relation">
<before>
    <schema>
        <table name="table1">
            <columns>
                <column name="table1_id" type="integer" key="1" null="no"/>
                <column name="col2" type="integer"/>
            </columns>
        </table>
        <table name="table2">
            <columns>
                <column name="table2_id" type="integer"/>
                <column name="table1_id" type="integer"/>
            </columns>
        </table>
    </schema>
</before>
<after>
    <schema>
        <table name="table1">
            <columns>
                <column name="table1_id" type="integer" key="1" null="no"/>
                <column name="col2" type="integer"/>
            </columns>
        </table>
        <table name="table2">
            <columns>
                <column name="table2_id" type="integer"/>
                <column name="table1_id" type="integer"/>
            </columns>
            <relations>
                <relation column="table1_id" table="table1"/>
            </relations>
        </table>
    </schema>
</after>
<ddls>
    <ddl>ALTER TABLE table2 ADD CONSTRAINT fk_table1_id FOREIGN KEY (table1_id) REFERENCES table1(table1_id)</ddl>
</ddls>
<ddls dbms="firebird" fails="true">
    <!-- TABLE1 is in use error? -->
    <ddl>ALTER TABLE table2 ADD CONSTRAINT fk_table1_id FOREIGN KEY (table1_id) REFERENCES table1(table1_id)</ddl>
</ddls>
</test>
