<test title="Drop a column">
<before>
    <schema>
    <table name="table1">
        <columns>
            <column name="col1" type="integer"/>
            <column name="col2" type="integer"/>
        </columns>
    </table>
    </schema>
</before>
<after>
    <schema>
    <table name="table1">
        <columns>
            <column name="col2" type="integer"/>
        </columns>
    </table>
    </schema>
</after>
<ddls>
    <ddl>ALTER TABLE table1 DROP col1</ddl>
</ddls>
<ddls dbms="oracle">
    <ddl>ALTER TABLE table1 DROP COLUMN col1</ddl>
</ddls>
</test>
