<test title="Test special names">
<before>
    <schema>
    </schema>
</before>
<after>
    <schema>
        <table name="Table with spaces">
            <columns>
                <column name="column with spaces" type="int"/>
                <column name="select" type="int"/>
            </columns>
            <indexes>
                <index name="from" columns="column with spaces,select"/>
            </indexes>
        </table>
    </schema>
</after>
<ddls>
    <ddl>CREATE TABLE "Table with spaces" (
        "column with spaces" int,
        "select" int
    )</ddl>
    <ddl>CREATE INDEX "from" ON "Table with spaces" ("column with spaces", "select")</ddl>
</ddls>
<ddls dbms="mysql,mysql4">
    <ddl>CREATE TABLE `Table with spaces` ( 
        `column with spaces` int,
        `select` int
    ) TYPE=InnoDB</ddl>
    <ddl>CREATE INDEX `from` ON `Table with spaces` (`column with spaces`, `select`)</ddl>
</ddls>
</test>
