<test title="Rename a function">
<before>
    <schema>
        <function name="sales_tax" oldname="sales_tax" arguments="subtotal float" returns="float">
BEGIN
    RETURN subtotal * 0.06;
END
        </function>
    </schema>
</before>
<after>
    <schema>
        <function name="salestax" oldname="sales_tax" arguments="subtotal float" returns="float">
BEGIN
    RETURN subtotal * 0.06;
END
        </function>
    </schema>
</after>
<ddls dbms="postgres">
    <ddl>DROP FUNCTION sales_tax(float)</ddl>
    <ddl>CREATE FUNCTION salestax(float) RETURNS float AS '
DECLARE
    subtotal ALIAS FOR $1;
BEGIN
    RETURN subtotal * 0.06;
END' LANGUAGE plpgsql</ddl>
</ddls>
<ddls dbms="mysql">
    <ddl>DROP FUNCTION sales_tax</ddl>
    <ddl>CREATE FUNCTION salestax(subtotal float) RETURNS float 
BEGIN
    RETURN subtotal * 0.06;
END</ddl>
</ddls>
<ddls dbms="firebird">
    <ddl>DROP PROCEDURE sales_tax</ddl>
    <ddl>CREATE PROCEDURE salestax(subtotal float) RETURNS (ret float) AS 
BEGIN
    RETURN subtotal * 0.06;
END;</ddl>
</ddls>
</test>
